<?xml version="1.0" encoding="UTF-8"?>
<!-- Generated by org.testng.reporters.JUnitReportReporter -->
<testsuite hostname="L201141" failures="0" tests="1" name="Launch.Test" time="1.204" errors="0" timestamp="2024-11-25T16:32:20 IST" skipped="0">
  <testcase classname="Launch.Test" name="NavigateAndVerifyRevenuePageTitle" time="1.204"/>
  <system-out/>
</testsuite> <!-- Launch.Test -->
