<?xml version="1.0" encoding="UTF-8"?>
<!-- Generated by org.testng.reporters.JUnitReportReporter -->
<testsuite hostname="L201141" failures="0" tests="6" name="Launch.TestRunner" time="57.821" errors="0" timestamp="2024-11-26T15:51:33 IST" skipped="0">
  <testcase classname="Launch.TestRunner" name="VerifyHomeTitle" time="6.795"/>
  <system-out/>
  <testcase classname="Launch.TestRunner" name="NavigateAndVerifyRevenuePageTitle" time="8.861"/>
  <system-out/>
  <testcase classname="Launch.TestRunner" name="VerifySlider" time="8.255"/>
  <system-out/>
  <testcase classname="Launch.TestRunner" name="AdjustSlider" time="8.015"/>
  <system-out/>
  <testcase classname="Launch.TestRunner" name="ClickCPTcodes" time="12.703"/>
  <system-out/>
  <testcase classname="Launch.TestRunner" name="Validate_Recurring_Amount" time="13.192"/>
  <system-out/>
</testsuite> <!-- Launch.TestRunner -->
